[2025-11-09 13:53:45] [INFO] [TestEmailAndLogging] INFO: Інформаційне повідомлення про роботу системи
[2025-11-09 13:53:45] [WARN] [TestEmailAndLogging] WARN: Попередження про потенційну проблему
[2025-11-09 13:53:45] [ERROR] [TestEmailAndLogging] ERROR: Помилка, яка не критична для системи
[2025-11-09 13:53:45] [ERROR] [TestEmailAndLogging] Перехоплено тестовий виняток | Exception: RuntimeException - Тестовий виняток для перевірки логування
[2025-11-09 13:53:47] [FATAL] [TestEmailAndLogging] 🧪 ТЕСТОВА КРИТИЧНА ПОМИЛКА - це тест системи логування
[2025-11-09 13:53:47] [INFO] [RunUnitTestsCommand] Юніт-тести пройдено: Тести моделей
[2025-11-09 13:53:52] [INFO] [Menu] Виконання команди: TestEmailCommand
[2025-11-09 13:53:52] [INFO] [TestEmailCommand] Запуск тесту email-розсилки
[2025-11-09 13:53:54] [INFO] [TestEmailCommand] Тест email - INFO
[2025-11-09 13:53:54] [WARN] [TestEmailCommand] Тест email - WARN
[2025-11-09 13:53:54] [ERROR] [TestEmailCommand] Тест email - ERROR
[2025-11-09 13:53:54] [FATAL] [TestEmailCommand] 🧪 ТЕСТОВА КРИТИЧНА ПОМИЛКА - перевірка email-розсилки
[2025-11-09 13:53:54] [INFO] [TestEmailCommand] Тест email-розсилки завершено
[2025-11-12 22:17:04] [INFO] [TestEmailAndLogging] INFO: Інформаційне повідомлення про роботу системи
[2025-11-12 22:17:04] [WARN] [TestEmailAndLogging] WARN: Попередження про потенційну проблему
[2025-11-12 22:17:04] [ERROR] [TestEmailAndLogging] ERROR: Помилка, яка не критична для системи
[2025-11-12 22:17:04] [ERROR] [TestEmailAndLogging] Перехоплено тестовий виняток | Exception: RuntimeException - Тестовий виняток для перевірки логування
[2025-11-12 22:17:06] [FATAL] [TestEmailAndLogging] 🧪 ТЕСТОВА КРИТИЧНА ПОМИЛКА - це тест системи логування
[2025-11-12 22:17:49] [INFO] [TestEmailAndLogging] INFO: Інформаційне повідомлення про роботу системи
[2025-11-12 22:17:49] [WARN] [TestEmailAndLogging] WARN: Попередження про потенційну проблему
[2025-11-12 22:17:49] [ERROR] [TestEmailAndLogging] ERROR: Помилка, яка не критична для системи
[2025-11-12 22:17:49] [ERROR] [TestEmailAndLogging] Перехоплено тестовий виняток | Exception: RuntimeException - Тестовий виняток для перевірки логування
[2025-11-12 22:17:51] [FATAL] [TestEmailAndLogging] 🧪 ТЕСТОВА КРИТИЧНА ПОМИЛКА - це тест системи логування
[2025-11-12 22:19:29] [INFO] [Main] ========================================
[2025-11-12 22:19:29] [INFO] [Main] Music System Management - Запуск програми
[2025-11-12 22:19:29] [INFO] [Main] ========================================
[2025-11-12 22:19:29] [INFO] [Main] Ініціалізація головного меню...
[2025-11-12 22:19:29] [INFO] [Menu] Ініціалізація головного меню...
[2025-11-12 22:19:29] [INFO] [Menu] Головне меню успішно ініціалізовано
[2025-11-12 22:19:29] [INFO] [Main] Меню успішно ініціалізовано. Запуск інтерфейсу...
[2025-11-12 22:19:29] [INFO] [Menu] Запуск головного меню інтерфейсу
[2025-11-12 22:19:33] [INFO] [Menu] Виконання команди: TestEmailCommand
[2025-11-12 22:19:33] [INFO] [TestEmailCommand] Запуск тесту email-розсилки
[2025-11-12 22:19:39] [INFO] [TestEmailCommand] Тест email - INFO
[2025-11-12 22:19:39] [WARN] [TestEmailCommand] Тест email - WARN
[2025-11-12 22:19:39] [ERROR] [TestEmailCommand] Тест email - ERROR
[2025-11-12 22:19:39] [FATAL] [TestEmailCommand] 🧪 ТЕСТОВА КРИТИЧНА ПОМИЛКА - перевірка email-розсилки
[2025-11-12 22:19:39] [INFO] [TestEmailCommand] Тест email-розсилки завершено
[2025-11-12 22:21:41] [INFO] [TestEmailAndLogging] INFO: Інформаційне повідомлення про роботу системи
[2025-11-12 22:21:41] [WARN] [TestEmailAndLogging] WARN: Попередження про потенційну проблему
[2025-11-12 22:21:41] [ERROR] [TestEmailAndLogging] ERROR: Помилка, яка не критична для системи
[2025-11-12 22:21:41] [ERROR] [TestEmailAndLogging] Перехоплено тестовий виняток | Exception: RuntimeException - Тестовий виняток для перевірки логування
[2025-11-12 22:21:43] [FATAL] [TestEmailAndLogging] 🧪 ТЕСТОВА КРИТИЧНА ПОМИЛКА - це тест системи логування
[2025-11-12 22:22:43] [INFO] [TestEmailAndLogging] INFO: Інформаційне повідомлення про роботу системи
[2025-11-12 22:22:43] [WARN] [TestEmailAndLogging] WARN: Попередження про потенційну проблему
[2025-11-12 22:22:43] [ERROR] [TestEmailAndLogging] ERROR: Помилка, яка не критична для системи
[2025-11-12 22:22:43] [ERROR] [TestEmailAndLogging] Перехоплено тестовий виняток | Exception: RuntimeException - Тестовий виняток для перевірки логування
[2025-11-12 22:22:45] [FATAL] [TestEmailAndLogging] 🧪 ТЕСТОВА КРИТИЧНА ПОМИЛКА - це тест системи логування
[2025-11-12 22:38:00] [INFO] [Main] ========================================
[2025-11-12 22:38:00] [INFO] [Main] Music System Management - Запуск програми
[2025-11-12 22:38:00] [INFO] [Main] ========================================
[2025-11-12 22:38:00] [INFO] [Main] Ініціалізація головного меню...
[2025-11-12 22:38:00] [INFO] [Menu] Ініціалізація головного меню...
[2025-11-12 22:38:00] [INFO] [Menu] Головне меню успішно ініціалізовано
[2025-11-12 22:38:00] [INFO] [Main] Меню успішно ініціалізовано. Запуск інтерфейсу...
[2025-11-12 22:38:00] [INFO] [Menu] Запуск головного меню інтерфейсу
[2025-11-12 22:38:03] [INFO] [Menu] Виконання команди: TestEmailCommand
[2025-11-12 22:38:03] [INFO] [TestEmailCommand] Запуск тесту email-розсилки
[2025-11-12 22:38:07] [INFO] [TestEmailCommand] Тест email - INFO
[2025-11-12 22:38:07] [WARN] [TestEmailCommand] Тест email - WARN
[2025-11-12 22:38:07] [ERROR] [TestEmailCommand] Тест email - ERROR
[2025-11-12 22:38:07] [FATAL] [TestEmailCommand] 🧪 ТЕСТОВА КРИТИЧНА ПОМИЛКА - перевірка email-розсилки
[2025-11-12 22:38:07] [INFO] [TestEmailCommand] Тест email-розсилки завершено
[2025-11-12 22:44:16] [INFO] [TestEmailAndLogging] INFO: Інформаційне повідомлення про роботу системи
[2025-11-12 22:44:16] [WARN] [TestEmailAndLogging] WARN: Попередження про потенційну проблему
[2025-11-12 22:44:16] [ERROR] [TestEmailAndLogging] ERROR: Помилка, яка не критична для системи
[2025-11-12 22:44:16] [ERROR] [TestEmailAndLogging] Перехоплено тестовий виняток | Exception: RuntimeException - Тестовий виняток для перевірки логування
[2025-11-12 22:44:18] [FATAL] [TestEmailAndLogging] 🧪 ТЕСТОВА КРИТИЧНА ПОМИЛКА - це тест системи логування
[2025-11-12 22:46:35] [INFO] [Menu] Виконання команди: TestEmailCommand
[2025-11-12 22:46:35] [INFO] [TestEmailCommand] Запуск тесту email-розсилки
[2025-11-12 22:46:38] [INFO] [TestEmailCommand] Тест email - INFO
[2025-11-12 22:46:38] [WARN] [TestEmailCommand] Тест email - WARN
[2025-11-12 22:46:38] [ERROR] [TestEmailCommand] Тест email - ERROR
[2025-11-12 22:46:38] [FATAL] [TestEmailCommand] 🧪 ТЕСТОВА КРИТИЧНА ПОМИЛКА - перевірка email-розсилки
[2025-11-12 22:46:38] [INFO] [TestEmailCommand] Тест email-розсилки завершено
[2025-11-12 22:47:26] [INFO] [TestEmailAndLogging] INFO: Інформаційне повідомлення про роботу системи
[2025-11-12 22:47:26] [WARN] [TestEmailAndLogging] WARN: Попередження про потенційну проблему
[2025-11-12 22:47:26] [ERROR] [TestEmailAndLogging] ERROR: Помилка, яка не критична для системи
[2025-11-12 22:47:26] [ERROR] [TestEmailAndLogging] Перехоплено тестовий виняток | Exception: RuntimeException - Тестовий виняток для перевірки логування
[2025-11-12 22:47:28] [FATAL] [TestEmailAndLogging] 🧪 ТЕСТОВА КРИТИЧНА ПОМИЛКА - це тест системи логування
[2025-11-12 23:09:08] [INFO] [Main] ========================================
[2025-11-12 23:09:08] [INFO] [Main] Music System Management - Запуск програми
[2025-11-12 23:09:08] [INFO] [Main] ========================================
[2025-11-12 23:09:08] [INFO] [Main] Ініціалізація головного меню...
[2025-11-12 23:09:08] [INFO] [Menu] Ініціалізація головного меню...
[2025-11-12 23:09:08] [INFO] [Menu] Головне меню успішно ініціалізовано
[2025-11-12 23:09:08] [INFO] [Main] Меню успішно ініціалізовано. Запуск інтерфейсу...
[2025-11-12 23:09:08] [INFO] [Menu] Запуск головного меню інтерфейсу
[2025-11-12 23:09:08] [FATAL] [Main] Критична помилка програми: No line found | NoSuchElementException - No line found
[2025-11-12 23:09:46] [INFO] [Main] ========================================
[2025-11-12 23:09:46] [INFO] [Main] Music System Management - Запуск програми
[2025-11-12 23:09:46] [INFO] [Main] ========================================
[2025-11-12 23:09:46] [INFO] [Main] Ініціалізація головного меню...
[2025-11-12 23:09:46] [INFO] [Menu] Ініціалізація головного меню...
[2025-11-12 23:09:46] [INFO] [Menu] Головне меню успішно ініціалізовано
[2025-11-12 23:09:46] [INFO] [Main] Меню успішно ініціалізовано. Запуск інтерфейсу...
[2025-11-12 23:09:46] [INFO] [Menu] Запуск головного меню інтерфейсу
[2025-11-12 23:09:46] [FATAL] [Main] Критична помилка програми: No line found | NoSuchElementException - No line found
[2025-11-12 23:12:33] [INFO] [Main] ========================================
[2025-11-12 23:12:33] [INFO] [Main] Music System Management - Запуск програми
[2025-11-12 23:12:33] [INFO] [Main] ========================================
[2025-11-12 23:12:33] [INFO] [Main] Ініціалізація головного меню...
[2025-11-12 23:12:33] [INFO] [Menu] Ініціалізація головного меню...
[2025-11-12 23:12:33] [INFO] [Menu] Головне меню успішно ініціалізовано
[2025-11-12 23:12:33] [INFO] [Main] Меню успішно ініціалізовано. Запуск інтерфейсу...
[2025-11-12 23:12:33] [INFO] [Menu] Запуск головного меню інтерфейсу
[2025-11-12 23:12:33] [FATAL] [Main] Критична помилка програми: No line found | NoSuchElementException - No line found
[2025-11-12 23:25:26] [INFO] [Main] ========================================
[2025-11-12 23:25:26] [INFO] [Main] Music System Management - Запуск програми
[2025-11-12 23:25:26] [INFO] [Main] ========================================
[2025-11-12 23:25:26] [INFO] [Main] Ініціалізація головного меню...
[2025-11-12 23:25:26] [INFO] [Menu] Ініціалізація головного меню...
[2025-11-12 23:25:26] [INFO] [Menu] Головне меню успішно ініціалізовано
[2025-11-12 23:25:26] [INFO] [Main] Меню успішно ініціалізовано. Запуск інтерфейсу...
[2025-11-12 23:25:26] [INFO] [Menu] Запуск головного меню інтерфейсу
[2025-11-12 23:25:29] [INFO] [Menu] Виконання команди: TestEmailCommand
[2025-11-12 23:25:29] [INFO] [TestEmailCommand] Запуск тесту email-розсилки
[2025-11-12 23:25:32] [INFO] [TestEmailCommand] Тест email - INFO
[2025-11-12 23:25:32] [WARN] [TestEmailCommand] Тест email - WARN
[2025-11-12 23:25:32] [ERROR] [TestEmailCommand] Тест email - ERROR
[2025-11-12 23:25:32] [FATAL] [TestEmailCommand] 🧪 ТЕСТОВА КРИТИЧНА ПОМИЛКА - перевірка email-розсилки
[2025-11-12 23:25:32] [INFO] [TestEmailCommand] Тест email-розсилки завершено
[2025-11-12 23:33:24] [INFO] [Main] ========================================
[2025-11-12 23:33:24] [INFO] [Main] Music System Management - Запуск програми
[2025-11-12 23:33:24] [INFO] [Main] ========================================
[2025-11-12 23:33:24] [INFO] [Main] Ініціалізація головного меню...
[2025-11-12 23:33:24] [INFO] [Menu] Ініціалізація головного меню...
[2025-11-12 23:33:24] [INFO] [Menu] Головне меню успішно ініціалізовано
[2025-11-12 23:33:24] [INFO] [Main] Меню успішно ініціалізовано. Запуск інтерфейсу...
[2025-11-12 23:33:24] [INFO] [Menu] Запуск головного меню інтерфейсу
[2025-11-12 23:33:29] [INFO] [Menu] Виконання команди: TestEmailCommand
[2025-11-12 23:33:29] [INFO] [TestEmailCommand] Запуск тесту email-розсилки
[2025-11-12 23:33:33] [INFO] [TestEmailCommand] Тест email - INFO
[2025-11-12 23:33:33] [WARN] [TestEmailCommand] Тест email - WARN
[2025-11-12 23:33:33] [ERROR] [TestEmailCommand] Тест email - ERROR
[2025-11-12 23:33:33] [FATAL] [TestEmailCommand] 🧪 ТЕСТОВА КРИТИЧНА ПОМИЛКА - перевірка email-розсилки
[2025-11-12 23:33:33] [INFO] [TestEmailCommand] Тест email-розсилки завершено
[2025-11-12 23:44:10] [INFO] [Main] ========================================
[2025-11-12 23:44:10] [INFO] [Main] Music System Management - Запуск програми
[2025-11-12 23:44:10] [INFO] [Main] ========================================
[2025-11-12 23:44:10] [INFO] [Main] Ініціалізація головного меню...
[2025-11-12 23:44:10] [INFO] [Menu] Ініціалізація головного меню...
[2025-11-12 23:44:10] [INFO] [Menu] Головне меню успішно ініціалізовано
[2025-11-12 23:44:10] [INFO] [Main] Меню успішно ініціалізовано. Запуск інтерфейсу...
[2025-11-12 23:44:10] [INFO] [Menu] Запуск головного меню інтерфейсу
[2025-11-12 23:44:13] [INFO] [Menu] Виконання команди: TestEmailCommand
[2025-11-12 23:44:13] [INFO] [TestEmailCommand] Запуск тесту email-розсилки
[2025-11-12 23:44:17] [INFO] [TestEmailCommand] Тест email - INFO
[2025-11-12 23:44:17] [WARN] [TestEmailCommand] Тест email - WARN
[2025-11-12 23:44:17] [ERROR] [TestEmailCommand] Тест email - ERROR
[2025-11-12 23:44:17] [FATAL] [TestEmailCommand] 🧪 ТЕСТОВА КРИТИЧНА ПОМИЛКА - перевірка email-розсилки
[2025-11-12 23:44:17] [INFO] [TestEmailCommand] Тест email-розсилки завершено
[2025-11-12 23:47:16] [INFO] [Main] ========================================
[2025-11-12 23:47:16] [INFO] [Main] Music System Management - Запуск програми
[2025-11-12 23:47:16] [INFO] [Main] ========================================
[2025-11-12 23:47:16] [INFO] [Main] Ініціалізація головного меню...
[2025-11-12 23:47:16] [INFO] [Menu] Ініціалізація головного меню...
[2025-11-12 23:47:16] [INFO] [Menu] Головне меню успішно ініціалізовано
[2025-11-12 23:47:16] [INFO] [Main] Меню успішно ініціалізовано. Запуск інтерфейсу...
[2025-11-12 23:47:16] [INFO] [Menu] Запуск головного меню інтерфейсу
[2025-11-12 23:47:28] [INFO] [Menu] Виконання команди: AddCompositionCommand
[2025-11-12 23:47:28] [INFO] [AddCompositionCommand] Виконання команди додавання композиції
[2025-11-12 23:47:52] [INFO] [MusicCollection] Додано композицію: 1 (ID: 1)
[2025-11-12 23:47:52] [INFO] [AddCompositionCommand] ✓ Композицію успішно додано: 1
[2025-11-12 23:47:59] [INFO] [Menu] Виконання команди: RunUnitTestsCommand
[2025-11-12 23:47:59] [INFO] [RunUnitTestsCommand] Запуск юніт-тестів
[2025-11-12 23:48:00] [INFO] [TestEmailAndLogging] INFO: Інформаційне повідомлення про роботу системи
[2025-11-12 23:48:00] [WARN] [TestEmailAndLogging] WARN: Попередження про потенційну проблему
[2025-11-12 23:48:00] [ERROR] [TestEmailAndLogging] ERROR: Помилка, яка не критична для системи
[2025-11-12 23:48:00] [ERROR] [TestEmailAndLogging] Перехоплено тестовий виняток | Exception: RuntimeException - Тестовий виняток для перевірки логування
[2025-11-12 23:48:02] [FATAL] [TestEmailAndLogging] 🧪 ТЕСТОВА КРИТИЧНА ПОМИЛКА - це тест системи логування
[2025-11-12 23:48:03] [INFO] [RunUnitTestsCommand] Юніт-тести пройдено: Всі тести
[2025-11-12 23:51:56] [INFO] [Main] ========================================
[2025-11-12 23:51:56] [INFO] [Main] Music System Management - Запуск програми
[2025-11-12 23:51:56] [INFO] [Main] ========================================
[2025-11-12 23:51:56] [INFO] [Main] Ініціалізація головного меню...
[2025-11-12 23:51:56] [INFO] [Menu] Ініціалізація головного меню...
[2025-11-12 23:51:56] [INFO] [Menu] Головне меню успішно ініціалізовано
[2025-11-12 23:51:56] [INFO] [Main] Меню успішно ініціалізовано. Запуск інтерфейсу...
[2025-11-12 23:51:56] [INFO] [Menu] Запуск головного меню інтерфейсу
[2025-11-12 23:52:03] [INFO] [Menu] Виконання команди: TestEmailCommand
[2025-11-12 23:52:03] [INFO] [TestEmailCommand] Запуск тесту email-розсилки
[2025-11-12 23:52:06] [INFO] [TestEmailCommand] Тест email - INFO
[2025-11-12 23:52:06] [WARN] [TestEmailCommand] Тест email - WARN
[2025-11-12 23:52:06] [ERROR] [TestEmailCommand] Тест email - ERROR
[2025-11-12 23:52:06] [FATAL] [TestEmailCommand] 🧪 ТЕСТОВА КРИТИЧНА ПОМИЛКА - перевірка email-розсилки
[2025-11-12 23:52:06] [INFO] [TestEmailCommand] Тест email-розсилки завершено
[2025-11-12 23:56:05] [INFO] [Main] ========================================
[2025-11-12 23:56:05] [INFO] [Main] Music System Management - Запуск програми
[2025-11-12 23:56:05] [INFO] [Main] ========================================
[2025-11-12 23:56:05] [INFO] [Main] Ініціалізація головного меню...
[2025-11-12 23:56:05] [INFO] [Menu] Ініціалізація головного меню...
[2025-11-12 23:56:05] [INFO] [Menu] Головне меню успішно ініціалізовано
[2025-11-12 23:56:05] [INFO] [Main] Меню успішно ініціалізовано. Запуск інтерфейсу...
[2025-11-12 23:56:05] [INFO] [Menu] Запуск головного меню інтерфейсу
[2025-11-12 23:56:27] [INFO] [Menu] Виконання команди: TestEmailCommand
[2025-11-12 23:56:27] [INFO] [TestEmailCommand] Запуск тесту email-розсилки
[2025-11-12 23:56:30] [INFO] [TestEmailCommand] Тест email - INFO
[2025-11-12 23:56:30] [WARN] [TestEmailCommand] Тест email - WARN
[2025-11-12 23:56:30] [ERROR] [TestEmailCommand] Тест email - ERROR
[2025-11-12 23:56:30] [FATAL] [TestEmailCommand] 🧪 ТЕСТОВА КРИТИЧНА ПОМИЛКА - перевірка email-розсилки
[2025-11-12 23:56:30] [INFO] [TestEmailCommand] Тест email-розсилки завершено
[2025-11-13 00:05:03] [INFO] [Menu] Користувач ініціював вихід з програми
[2025-11-13 00:05:06] [INFO] [Menu] Збереження даних перед виходом...
[2025-11-13 00:05:06] [INFO] [FileManager] Збереження у файл за замовчуванням: data/compositions.txt
[2025-11-13 00:05:06] [INFO] [FileManager] Початок збереження колекції у файл: data/compositions.txt
[2025-11-13 00:05:06] [INFO] [FileManager] ✓ Успішно збережено 1 композицій у файл: data/compositions.txt
[2025-11-13 00:05:06] [INFO] [Menu] Програму завершено користувачем
[2025-11-13 00:05:06] [INFO] [Menu] Закриття меню інтерфейсу
[2025-11-13 00:05:06] [INFO] [Main] Програма завершена користувачем
[2025-11-13 00:05:06] [INFO] [Main] ========================================
[2025-11-13 00:05:09] [INFO] [Main] ========================================
[2025-11-13 00:05:09] [INFO] [Main] Music System Management - Запуск програми
[2025-11-13 00:05:09] [INFO] [Main] ========================================
[2025-11-13 00:05:09] [INFO] [Main] Ініціалізація головного меню...
[2025-11-13 00:05:09] [INFO] [Menu] Ініціалізація головного меню...
[2025-11-13 00:05:09] [INFO] [Menu] Головне меню успішно ініціалізовано
[2025-11-13 00:05:09] [INFO] [Main] Меню успішно ініціалізовано. Запуск інтерфейсу...
[2025-11-13 00:05:09] [INFO] [Menu] Запуск головного меню інтерфейсу
[2025-11-13 00:06:10] [INFO] [Main] ========================================
[2025-11-13 00:06:10] [INFO] [Main] Music System Management - Запуск програми
[2025-11-13 00:06:10] [INFO] [Main] ========================================
[2025-11-13 00:06:10] [INFO] [Main] Ініціалізація головного меню...
[2025-11-13 00:06:10] [INFO] [Menu] Ініціалізація головного меню...
[2025-11-13 00:06:10] [INFO] [Menu] Головне меню успішно ініціалізовано
[2025-11-13 00:06:10] [INFO] [Main] Меню успішно ініціалізовано. Запуск інтерфейсу...
[2025-11-13 00:06:10] [INFO] [Menu] Запуск головного меню інтерфейсу
